<?xml version="1.0" encoding="UTF-8"?>
<!-- Generated by org.testng.reporters.JUnitReportReporter -->
<testsuite hostname="LAPTOP-IJ2AQJ71" failures="0" tests="1" name="parallel.parelal2$parelel1" time="1.271" errors="0" timestamp="2024-03-12T15:00:31 IST" skipped="0">
  <testcase classname="parallel.parelal2$parelel1" name="tc2" time="1.271"/>
</testsuite> <!-- parallel.parelal2$parelel1 -->
