<?xml version="1.0" encoding="UTF-8"?>
<!-- Generated by org.testng.reporters.JUnitReportReporter -->
<testsuite hostname="LAPTOP-IJ2AQJ71" failures="0" tests="1" name="Assertverify.softAssert" time="0.006" errors="0" timestamp="2024-03-14T00:25:22 IST" skipped="0">
  <testcase classname="Assertverify.softAssert" name="Tc1" time="0.006"/>
</testsuite> <!-- Assertverify.softAssert -->
