<?xml version="1.0" encoding="UTF-8"?>
<!-- Generated by org.testng.reporters.JUnitReportReporter -->
<testsuite hostname="LAPTOP-IJ2AQJ71" failures="0" tests="2" name="practice.priority" time="0.010" errors="0" timestamp="2024-03-07T07:09:50 IST" skipped="0">
  <testcase classname="practice.priority" name="logout" time="0.008">
    <system-out>
      <![CDATA[logout from application]]>
    </system-out>
  </testcase> <!-- logout -->
  <testcase classname="practice.priority" name="login" time="0.002">
    <system-out>
      <![CDATA[login to application]]>
    </system-out>
  </testcase> <!-- login -->
  <system-out>
    <![CDATA[logout from application
login to application]]>
  </system-out>
</testsuite> <!-- practice.priority -->
