<?xml version="1.0" encoding="UTF-8"?>
<!-- Generated by org.testng.reporters.JUnitReportReporter -->
<testsuite hostname="LAPTOP-IJ2AQJ71" failures="0" tests="1" name="practice.testingAnnotaionflow" time="0.004" errors="0" timestamp="2024-03-11T09:34:17 IST" skipped="0">
  <testcase classname="practice.testingAnnotaionflow" name="m1" time="0.004">
    <system-out>
      <![CDATA[hii]]>
    </system-out>
  </testcase> <!-- m1 -->
  <system-out>
    <![CDATA[==DATABASE CONNECTION==
==LAUNCH THE BROWSER==
==LOGIN TO APPLICATION==
hii
==LOGOUT FROM APPLICATION==
==CLOSE BROWSER==
==DATABASE DISCONNECTION]]>
  </system-out>
</testsuite> <!-- practice.testingAnnotaionflow -->
