<?xml version="1.0" encoding="UTF-8"?>
<!-- Generated by org.testng.reporters.JUnitReportReporter -->
<testsuite hostname="LAPTOP-IJ2AQJ71" failures="0" tests="1" name="practice.enabled" time="0.010" errors="0" timestamp="2024-03-07T07:01:30 IST" skipped="0">
  <testcase classname="practice.enabled" name="m1" time="0.010">
    <system-out>
      <![CDATA[hi good mornig]]>
    </system-out>
  </testcase> <!-- m1 -->
  <system-out>
    <![CDATA[hi good mornig]]>
  </system-out>
</testsuite> <!-- practice.enabled -->
