<?xml version="1.0" encoding="UTF-8"?>
<!-- Generated by org.testng.reporters.JUnitReportReporter -->
<testsuite hostname="LAPTOP-IJ2AQJ71" failures="0" tests="3" name="batchExecutiom.sample3" time="0.013" errors="0" timestamp="2024-03-11T10:59:39 IST" skipped="0">
  <testcase classname="batchExecutiom.sample3" name="Tc7" time="0.010">
    <system-out>
      <![CDATA[i am Tc7]]>
    </system-out>
  </testcase> <!-- Tc7 -->
  <testcase classname="batchExecutiom.sample3" name="Tc9" time="0.002">
    <system-out>
      <![CDATA[i am Tc9]]>
    </system-out>
  </testcase> <!-- Tc9 -->
  <testcase classname="batchExecutiom.sample3" name="Tc8" time="0.001">
    <system-out>
      <![CDATA[i am Tc8]]>
    </system-out>
  </testcase> <!-- Tc8 -->
  <system-out>
    <![CDATA[i am Tc7
i am Tc8
i am Tc9
i am Tc1
i am Tc2
i am Tc3
i am Tc4
i am Tc5
i am Tc6]]>
  </system-out>
</testsuite> <!-- batchExecutiom.sample3 -->
