<?xml version="1.0" encoding="UTF-8"?>
<!-- Generated by org.testng.reporters.JUnitReportReporter -->
<testsuite hostname="LAPTOP-IJ2AQJ71" failures="0" tests="3" name="batchExecutiom.sample2" time="0.005" errors="0" timestamp="2024-03-11T10:59:39 IST" skipped="0">
  <testcase classname="batchExecutiom.sample2" name="Tc6" time="0.001">
    <system-out>
      <![CDATA[i am Tc6]]>
    </system-out>
  </testcase> <!-- Tc6 -->
  <testcase classname="batchExecutiom.sample2" name="Tc5" time="0.001">
    <system-out>
      <![CDATA[i am Tc5]]>
    </system-out>
  </testcase> <!-- Tc5 -->
  <testcase classname="batchExecutiom.sample2" name="Tc4" time="0.003">
    <system-out>
      <![CDATA[i am Tc4]]>
    </system-out>
  </testcase> <!-- Tc4 -->
  <system-out>
    <![CDATA[i am Tc7
i am Tc8
i am Tc9
i am Tc1
i am Tc2
i am Tc3
i am Tc4
i am Tc5
i am Tc6]]>
  </system-out>
</testsuite> <!-- batchExecutiom.sample2 -->
