<?xml version="1.0" encoding="UTF-8"?>
<!-- Generated by org.testng.reporters.JUnitReportReporter -->
<testsuite hostname="LAPTOP-IJ2AQJ71" failures="0" tests="1" name="parallel.parelel1" time="0.715" errors="0" timestamp="2024-03-12T15:00:31 IST" skipped="0">
  <testcase classname="parallel.parelel1" name="tc1" time="0.715"/>
</testsuite> <!-- parallel.parelel1 -->
