<?xml version="1.0" encoding="UTF-8"?>
<!-- Generated by org.testng.reporters.JUnitReportReporter -->
<testsuite hostname="LAPTOP-IJ2AQJ71" failures="0" tests="1" name="parallelpacakage.parallel1" time="7.252" errors="0" timestamp="2024-03-12T10:31:34 IST" skipped="0">
  <testcase classname="parallelpacakage.parallel1" name="tc1" time="7.252"/>
</testsuite> <!-- parallelpacakage.parallel1 -->
