<?xml version="1.0" encoding="UTF-8"?>
<!-- Generated by org.testng.reporters.JUnitReportReporter -->
<testsuite hostname="LAPTOP-IJ2AQJ71" failures="0" tests="1" name="practice.dependsonmethod" time="0.013" errors="0" timestamp="2024-03-07T07:18:08 IST" skipped="0">
  <testcase classname="practice.dependsonmethod" name="login" time="0.013">
    <system-out>
      <![CDATA[login to application]]>
    </system-out>
  </testcase> <!-- login -->
  <system-out>
    <![CDATA[login to application]]>
  </system-out>
</testsuite> <!-- practice.dependsonmethod -->
