<?xml version="1.0" encoding="UTF-8"?>
<!-- Generated by org.testng.reporters.JUnitReportReporter -->
<testsuite hostname="LAPTOP-IJ2AQJ71" failures="0" tests="1" name="practice.timeouts" time="0.014" errors="0" timestamp="2024-03-07T07:14:34 IST" skipped="0">
  <testcase classname="practice.timeouts" name="m1" time="0.014">
    <system-out>
      <![CDATA[hello]]>
    </system-out>
  </testcase> <!-- m1 -->
  <system-out>
    <![CDATA[hello]]>
  </system-out>
</testsuite> <!-- practice.timeouts -->
