<?xml version="1.0" encoding="UTF-8"?>
<!-- Generated by org.testng.reporters.JUnitReportReporter -->
<testsuite hostname="LAPTOP-IJ2AQJ71" failures="0" tests="1" name="batchExecutiom.sample1" time="0.013" errors="0" timestamp="2024-03-12T09:53:48 IST" skipped="0">
  <testcase classname="batchExecutiom.sample1" name="Tc3" time="0.013">
    <system-out>
      <![CDATA[i am Tc3]]>
    </system-out>
  </testcase> <!-- Tc3 -->
  <system-out>
    <![CDATA[i am Tc3]]>
  </system-out>
</testsuite> <!-- batchExecutiom.sample1 -->
