<?xml version="1.0" encoding="UTF-8"?>
<!-- Generated by org.testng.reporters.JUnitReportReporter -->
<testsuite hostname="LAPTOP-IJ2AQJ71" failures="0" tests="10" name="practice.invocationcount" time="0.035" errors="0" timestamp="2024-03-07T07:05:24 IST" skipped="0">
  <testcase classname="practice.invocationcount" name="demo" time="0.002">
    <system-out>
      <![CDATA[hi good mrg]]>
    </system-out>
  </testcase> <!-- demo -->
  <testcase classname="practice.invocationcount" name="demo" time="0.006">
    <system-out>
      <![CDATA[hi good mrg]]>
    </system-out>
  </testcase> <!-- demo -->
  <testcase classname="practice.invocationcount" name="demo" time="0.004">
    <system-out>
      <![CDATA[hi good mrg]]>
    </system-out>
  </testcase> <!-- demo -->
  <testcase classname="practice.invocationcount" name="demo" time="0.009">
    <system-out>
      <![CDATA[hi good mrg]]>
    </system-out>
  </testcase> <!-- demo -->
  <testcase classname="practice.invocationcount" name="demo" time="0.005">
    <system-out>
      <![CDATA[hi good mrg]]>
    </system-out>
  </testcase> <!-- demo -->
  <testcase classname="practice.invocationcount" name="demo" time="0.004">
    <system-out>
      <![CDATA[hi good mrg]]>
    </system-out>
  </testcase> <!-- demo -->
  <testcase classname="practice.invocationcount" name="demo" time="0.002">
    <system-out>
      <![CDATA[hi good mrg]]>
    </system-out>
  </testcase> <!-- demo -->
  <testcase classname="practice.invocationcount" name="demo" time="0.001">
    <system-out>
      <![CDATA[hi good mrg]]>
    </system-out>
  </testcase> <!-- demo -->
  <testcase classname="practice.invocationcount" name="demo" time="0.001">
    <system-out>
      <![CDATA[hi good mrg]]>
    </system-out>
  </testcase> <!-- demo -->
  <testcase classname="practice.invocationcount" name="demo" time="0.001">
    <system-out>
      <![CDATA[hi good mrg]]>
    </system-out>
  </testcase> <!-- demo -->
  <system-out>
    <![CDATA[hi good mrg
hi good mrg
hi good mrg
hi good mrg
hi good mrg
hi good mrg
hi good mrg
hi good mrg
hi good mrg
hi good mrg]]>
  </system-out>
</testsuite> <!-- practice.invocationcount -->
