<?xml version="1.0" encoding="UTF-8"?>
<!-- Generated by org.testng.reporters.JUnitReportReporter -->
<testsuite hostname="LAPTOP-IJ2AQJ71" failures="0" tests="1" name="parallelpacakage.parallel2" time="6.470" errors="0" timestamp="2024-03-12T10:31:34 IST" skipped="0">
  <testcase classname="parallelpacakage.parallel2" name="tc2" time="6.470"/>
</testsuite> <!-- parallelpacakage.parallel2 -->
